<?xml version="1.0" encoding="UTF-8"?>
<!-- Generated by org.testng.reporters.JUnitReportReporter -->
<testsuite hostname="Rumis-MacBook-Air.local" failures="0" tests="4" name="api.test.UserTests" time="12.020" errors="0" timestamp="2023-09-10T17:34:44 IST" skipped="0">
  <testcase classname="api.test.UserTests" name="testPostUser" time="5.905"/>
  <system-out/>
  <testcase classname="api.test.UserTests" name="testGetUserByName" time="1.603"/>
  <system-out/>
  <testcase classname="api.test.UserTests" name="testUpdateUser" time="3.026"/>
  <system-out/>
  <testcase classname="api.test.UserTests" name="testDeleteUserByName" time="1.486"/>
  <system-out/>
</testsuite> <!-- api.test.UserTests -->
