<?xml version="1.0" encoding="UTF-8"?>
<!-- Generated by org.testng.reporters.JUnitReportReporter -->
<testsuite hostname="Rumis-MacBook-Air.local" failures="0" tests="4" name="api.test.UserTests2" time="12.570" errors="0" timestamp="2023-09-11T10:39:40 IST" skipped="0">
  <testcase classname="api.test.UserTests2" name="testPostUser" time="5.985"/>
  <system-out/>
  <testcase classname="api.test.UserTests2" name="testGetUserByName" time="1.691"/>
  <system-out/>
  <testcase classname="api.test.UserTests2" name="testUpdateUser" time="3.261"/>
  <system-out/>
  <testcase classname="api.test.UserTests2" name="testDeleteUserByName" time="1.633"/>
  <system-out/>
</testsuite> <!-- api.test.UserTests2 -->
