<?xml version="1.0" encoding="UTF-8"?>
<!-- Generated by org.testng.reporters.JUnitReportReporter -->
<testsuite hostname="Rumis-MacBook-Air.local" failures="0" tests="2" name="api.test.DataDrivenTest" time="0.000" errors="0" timestamp="2023-09-10T17:32:43 IST" skipped="2">
  <testcase classname="api.test.DataDrivenTest" name="testPostUser" time="0.000">
    <skipped/>
  </testcase> <!-- testPostUser -->
  <system-out/>
  <testcase classname="api.test.DataDrivenTest" name="testDeleteUserbyName" time="0.000">
    <skipped/>
  </testcase> <!-- testDeleteUserbyName -->
  <system-out/>
</testsuite> <!-- api.test.DataDrivenTest -->
