<?xml version="1.0" encoding="UTF-8"?>
<!-- Generated by org.testng.reporters.JUnitReportReporter -->
<testsuite hostname="Rumis-MacBook-Air.local" failures="0" tests="4" name="api.test.UserTests2" time="10.244" errors="0" timestamp="2023-09-11T11:01:17 IST" skipped="0">
  <testcase classname="api.test.UserTests2" name="testPostUser" time="4.037"/>
  <testcase classname="api.test.UserTests2" name="testGetUserByName" time="1.553"/>
  <testcase classname="api.test.UserTests2" name="testUpdateUser" time="3.119"/>
  <testcase classname="api.test.UserTests2" name="testDeleteUserByName" time="1.535"/>
</testsuite> <!-- api.test.UserTests2 -->
